# JRE version: Java(TM) SE Runtime Environment (8.0_65-b17) (build 1.8.0_65-b17)
# Java VM: Java HotSpot(TM) 64-Bit Server VM (25.65-b01 mixed mode windows-amd64 compressed oops)
Heap:
 PSYoungGen      total 531968K, used 55837K [0x00000000d5c00000, 0x0000000100000000, 0x0000000100000000)
  eden space 483328K, 6% used [0x00000000d5c00000,0x00000000d7cd3a50,0x00000000f3400000)
  from space 48640K, 45% used [0x00000000f3400000,0x00000000f49b3b68,0x00000000f6380000)
  to   space 55808K, 0% used [0x00000000fc980000,0x00000000fc980000,0x0000000100000000)
 ParOldGen       total 173568K, used 173323K [0x0000000081400000, 0x000000008bd80000, 0x00000000d5c00000)
  object space 173568K, 99% used [0x0000000081400000,0x000000008bd42e08,0x000000008bd80000)
 Metaspace       used 65616K, capacity 65856K, committed 66304K, reserved 1110016K
  class space    used 4788K, capacity 4834K, committed 4864K, reserved 1048576K
GC Heap History (10 events):
Event: 11.709 GC heap before
{Heap before GC invocations=15 (full 3):
 PSYoungGen      total 330752K, used 292864K [0x00000000d5c00000, 0x00000000f2d00000, 0x0000000100000000)
  eden space 292864K, 100% used [0x00000000d5c00000,0x00000000e7a00000,0x00000000e7a00000)
  from space 37888K, 0% used [0x00000000e7a00000,0x00000000e7a00000,0x00000000e9f00000)
  to   space 37888K, 0% used [0x00000000f0800000,0x00000000f0800000,0x00000000f2d00000)
 ParOldGen       total 173568K, used 76677K [0x0000000081400000, 0x000000008bd80000, 0x00000000d5c00000)
  object space 173568K, 44% used [0x0000000081400000,0x0000000085ee1518,0x000000008bd80000)
 Metaspace       used 62172K, capacity 62370K, committed 62720K, reserved 1107968K
  class space    used 4464K, capacity 4509K, committed 4608K, reserved 1048576K
Event: 11.733 GC heap after
Heap after GC invocations=15 (full 3):
 PSYoungGen      total 393216K, used 24544K [0x00000000d5c00000, 0x00000000f2000000, 0x0000000100000000)
  eden space 368640K, 0% used [0x00000000d5c00000,0x00000000d5c00000,0x00000000ec400000)
  from space 24576K, 99% used [0x00000000f0800000,0x00000000f1ff8040,0x00000000f2000000)
  to   space 38912K, 0% used [0x00000000ed400000,0x00000000ed400000,0x00000000efa00000)
 ParOldGen       total 173568K, used 76685K [0x0000000081400000, 0x000000008bd80000, 0x00000000d5c00000)
  object space 173568K, 44% used [0x0000000081400000,0x0000000085ee3518,0x000000008bd80000)
 Metaspace       used 62172K, capacity 62370K, committed 62720K, reserved 1107968K
  class space    used 4464K, capacity 4509K, committed 4608K, reserved 1048576K
}
Event: 12.017 GC heap before
{Heap before GC invocations=16 (full 3):
 PSYoungGen      total 393216K, used 393184K [0x00000000d5c00000, 0x00000000f2000000, 0x0000000100000000)
  eden space 368640K, 100% used [0x00000000d5c00000,0x00000000ec400000,0x00000000ec400000)
  from space 24576K, 99% used [0x00000000f0800000,0x00000000f1ff8040,0x00000000f2000000)
  to   space 38912K, 0% used [0x00000000ed400000,0x00000000ed400000,0x00000000efa00000)
 ParOldGen       total 173568K, used 76685K [0x0000000081400000, 0x000000008bd80000, 0x00000000d5c00000)
  object space 173568K, 44% used [0x0000000081400000,0x0000000085ee3518,0x000000008bd80000)
 Metaspace       used 62189K, capacity 62370K, committed 62720K, reserved 1107968K
  class space    used 4464K, capacity 4509K, committed 4608K, reserved 1048576K
Event: 12.056 GC heap after
Heap after GC invocations=16 (full 3):
 PSYoungGen      total 423936K, used 38886K [0x00000000d5c00000, 0x00000000f9380000, 0x0000000100000000)
  eden space 385024K, 0% used [0x00000000d5c00000,0x00000000d5c00000,0x00000000ed400000)
  from space 38912K, 99% used [0x00000000ed400000,0x00000000ef9f9918,0x00000000efa00000)
  to   space 49152K, 0% used [0x00000000f6380000,0x00000000f6380000,0x00000000f9380000)
 ParOldGen       total 173568K, used 86337K [0x0000000081400000, 0x000000008bd80000, 0x00000000d5c00000)
  object space 173568K, 49% used [0x0000000081400000,0x0000000086850650,0x000000008bd80000)
 Metaspace       used 62189K, capacity 62370K, committed 62720K, reserved 1107968K
  class space    used 4464K, capacity 4509K, committed 4608K, reserved 1048576K
}
Event: 12.787 GC heap before
{Heap before GC invocations=17 (full 3):
 PSYoungGen      total 423936K, used 423910K [0x00000000d5c00000, 0x00000000f9380000, 0x0000000100000000)
  eden space 385024K, 100% used [0x00000000d5c00000,0x00000000ed400000,0x00000000ed400000)
  from space 38912K, 99% used [0x00000000ed400000,0x00000000ef9f9918,0x00000000efa00000)
  to   space 49152K, 0% used [0x00000000f6380000,0x00000000f6380000,0x00000000f9380000)
 ParOldGen       total 173568K, used 86337K [0x0000000081400000, 0x000000008bd80000, 0x00000000d5c00000)
  object space 173568K, 49% used [0x0000000081400000,0x0000000086850650,0x000000008bd80000)
 Metaspace       used 63443K, capacity 63682K, committed 64128K, reserved 1107968K
  class space    used 4611K, capacity 4669K, committed 4736K, reserved 1048576K
Event: 12.831 GC heap after
Heap after GC invocations=17 (full 3):
 PSYoungGen      total 532480K, used 25664K [0x00000000d5c00000, 0x00000000fa600000, 0x0000000100000000)
  eden space 483328K, 0% used [0x00000000d5c00000,0x00000000d5c00000,0x00000000f3400000)
  from space 49152K, 52% used [0x00000000f6380000,0x00000000f7c90188,0x00000000f9380000)
  to   space 48640K, 0% used [0x00000000f3400000,0x00000000f3400000,0x00000000f6380000)
 ParOldGen       total 173568K, used 125602K [0x0000000081400000, 0x000000008bd80000, 0x00000000d5c00000)
  object space 173568K, 72% used [0x0000000081400000,0x0000000088ea8a48,0x000000008bd80000)
 Metaspace       used 63443K, capacity 63682K, committed 64128K, reserved 1107968K
  class space    used 4611K, capacity 4669K, committed 4736K, reserved 1048576K
}
Event: 16.690 GC heap before
{Heap before GC invocations=18 (full 3):
 PSYoungGen      total 532480K, used 508992K [0x00000000d5c00000, 0x00000000fa600000, 0x0000000100000000)
  eden space 483328K, 100% used [0x00000000d5c00000,0x00000000f3400000,0x00000000f3400000)
  from space 49152K, 52% used [0x00000000f6380000,0x00000000f7c90188,0x00000000f9380000)
  to   space 48640K, 0% used [0x00000000f3400000,0x00000000f3400000,0x00000000f6380000)
 ParOldGen       total 173568K, used 125602K [0x0000000081400000, 0x000000008bd80000, 0x00000000d5c00000)
  object space 173568K, 72% used [0x0000000081400000,0x0000000088ea8a48,0x000000008bd80000)
 Metaspace       used 65616K, capacity 65856K, committed 66304K, reserved 1110016K
  class space    used 4788K, capacity 4834K, committed 4864K, reserved 1048576K
Event: 16.743 GC heap after
Heap after GC invocations=18 (full 3):
 PSYoungGen      total 531968K, used 47486K [0x00000000d5c00000, 0x0000000100000000, 0x0000000100000000)
  eden space 483328K, 0% used [0x00000000d5c00000,0x00000000d5c00000,0x00000000f3400000)
  from space 48640K, 97% used [0x00000000f3400000,0x00000000f625fa68,0x00000000f6380000)
  to   space 55808K, 0% used [0x00000000fc980000,0x00000000fc980000,0x0000000100000000)
 ParOldGen       total 173568K, used 151113K [0x0000000081400000, 0x000000008bd80000, 0x00000000d5c00000)
  object space 173568K, 87% used [0x0000000081400000,0x000000008a792628,0x000000008bd80000)
 Metaspace       used 65616K, capacity 65856K, committed 66304K, reserved 1110016K
  class space    used 4788K, capacity 4834K, committed 4864K, reserved 1048576K
}
Event: 16.743 GC heap before
{Heap before GC invocations=19 (full 4):
 PSYoungGen      total 531968K, used 47486K [0x00000000d5c00000, 0x0000000100000000, 0x0000000100000000)
  eden space 483328K, 0% used [0x00000000d5c00000,0x00000000d5c00000,0x00000000f3400000)
  from space 48640K, 97% used [0x00000000f3400000,0x00000000f625fa68,0x00000000f6380000)
  to   space 55808K, 0% used [0x00000000fc980000,0x00000000fc980000,0x0000000100000000)
 ParOldGen       total 173568K, used 151113K [0x0000000081400000, 0x000000008bd80000, 0x00000000d5c00000)
  object space 173568K, 87% used [0x0000000081400000,0x000000008a792628,0x000000008bd80000)
 Metaspace       used 65616K, capacity 65856K, committed 66304K, reserved 1110016K
  class space    used 4788K, capacity 4834K, committed 4864K, reserved 1048576K
Event: 17.345 GC heap after
Heap after GC invocations=19 (full 4):
 PSYoungGen      total 531968K, used 22222K [0x00000000d5c00000, 0x0000000100000000, 0x0000000100000000)
  eden space 483328K, 0% used [0x00000000d5c00000,0x00000000d5c00000,0x00000000f3400000)
  from space 48640K, 45% used [0x00000000f3400000,0x00000000f49b3b68,0x00000000f6380000)
  to   space 55808K, 0% used [0x00000000fc980000,0x00000000fc980000,0x0000000100000000)
 ParOldGen       total 173568K, used 173323K [0x0000000081400000, 0x000000008bd80000, 0x00000000d5c00000)
  object space 173568K, 99% used [0x0000000081400000,0x000000008bd42e08,0x000000008bd80000)
 Metaspace       used 65616K, capacity 65856K, committed 66304K, reserved 1110016K
  class space    used 4788K, capacity 4834K, committed 4864K, reserved 1048576K
}

