# JRE version: Java(TM) SE Runtime Environment (8.0_65-b17) (build 1.8.0_65-b17)
# Java VM: Java HotSpot(TM) 64-Bit Server VM (25.65-b01 mixed mode windows-amd64 compressed oops)
Heap:
 PSYoungGen      total 458752K, used 402515K [0x00000000d5c00000, 0x00000000fd100000, 0x0000000100000000)
  eden space 418816K, 89% used [0x00000000d5c00000,0x00000000ecba91f8,0x00000000ef500000)
  from space 39936K, 65% used [0x00000000ef500000,0x00000000f0e6bbb8,0x00000000f1c00000)
  to   space 41472K, 0% used [0x00000000fa880000,0x00000000fa880000,0x00000000fd100000)
 ParOldGen       total 165888K, used 101627K [0x0000000081400000, 0x000000008b600000, 0x00000000d5c00000)
  object space 165888K, 61% used [0x0000000081400000,0x000000008773eeb8,0x000000008b600000)
 Metaspace       used 64154K, capacity 64392K, committed 64640K, reserved 1110016K
  class space    used 4614K, capacity 4670K, committed 4736K, reserved 1048576K
GC Heap History (10 events):
Event: 14.266 GC heap before
{Heap before GC invocations=12 (full 2):
 PSYoungGen      total 243200K, used 219648K [0x00000000d5c00000, 0x00000000edb80000, 0x0000000100000000)
  eden space 219648K, 100% used [0x00000000d5c00000,0x00000000e3280000,0x00000000e3280000)
  from space 23552K, 0% used [0x00000000e3280000,0x00000000e3280000,0x00000000e4980000)
  to   space 35328K, 0% used [0x00000000eb900000,0x00000000eb900000,0x00000000edb80000)
 ParOldGen       total 112128K, used 45806K [0x0000000081400000, 0x0000000088180000, 0x00000000d5c00000)
  object space 112128K, 40% used [0x0000000081400000,0x00000000840bbba8,0x0000000088180000)
 Metaspace       used 53908K, capacity 54114K, committed 54400K, reserved 1099776K
  class space    used 4133K, capacity 4189K, committed 4224K, reserved 1048576K
Event: 14.318 GC heap after
Heap after GC invocations=12 (full 2):
 PSYoungGen      total 335360K, used 29856K [0x00000000d5c00000, 0x00000000ed680000, 0x0000000100000000)
  eden space 305152K, 0% used [0x00000000d5c00000,0x00000000d5c00000,0x00000000e8600000)
  from space 30208K, 98% used [0x00000000eb900000,0x00000000ed628000,0x00000000ed680000)
  to   space 38912K, 0% used [0x00000000e8a80000,0x00000000e8a80000,0x00000000eb080000)
 ParOldGen       total 112128K, used 45814K [0x0000000081400000, 0x0000000088180000, 0x00000000d5c00000)
  object space 112128K, 40% used [0x0000000081400000,0x00000000840bdba8,0x0000000088180000)
 Metaspace       used 53908K, capacity 54114K, committed 54400K, reserved 1099776K
  class space    used 4133K, capacity 4189K, committed 4224K, reserved 1048576K
}
Event: 14.619 GC heap before
{Heap before GC invocations=13 (full 2):
 PSYoungGen      total 335360K, used 66303K [0x00000000d5c00000, 0x00000000ed680000, 0x0000000100000000)
  eden space 305152K, 11% used [0x00000000d5c00000,0x00000000d7f97e10,0x00000000e8600000)
  from space 30208K, 98% used [0x00000000eb900000,0x00000000ed628000,0x00000000ed680000)
  to   space 38912K, 0% used [0x00000000e8a80000,0x00000000e8a80000,0x00000000eb080000)
 ParOldGen       total 112128K, used 45814K [0x0000000081400000, 0x0000000088180000, 0x00000000d5c00000)
  object space 112128K, 40% used [0x0000000081400000,0x00000000840bdba8,0x0000000088180000)
 Metaspace       used 56686K, capacity 56866K, committed 57176K, reserved 1101824K
  class space    used 4217K, capacity 4253K, committed 4352K, reserved 1048576K
Event: 14.648 GC heap after
Heap after GC invocations=13 (full 2):
 PSYoungGen      total 348672K, used 4384K [0x00000000d5c00000, 0x00000000f5000000, 0x0000000100000000)
  eden space 309760K, 0% used [0x00000000d5c00000,0x00000000d5c00000,0x00000000e8a80000)
  from space 38912K, 11% used [0x00000000e8a80000,0x00000000e8ec8000,0x00000000eb080000)
  to   space 38400K, 0% used [0x00000000f2a80000,0x00000000f2a80000,0x00000000f5000000)
 ParOldGen       total 112128K, used 75853K [0x0000000081400000, 0x0000000088180000, 0x00000000d5c00000)
  object space 112128K, 67% used [0x0000000081400000,0x0000000085e13558,0x0000000088180000)
 Metaspace       used 56686K, capacity 56866K, committed 57176K, reserved 1101824K
  class space    used 4217K, capacity 4253K, committed 4352K, reserved 1048576K
}
Event: 14.648 GC heap before
{Heap before GC invocations=14 (full 3):
 PSYoungGen      total 348672K, used 4384K [0x00000000d5c00000, 0x00000000f5000000, 0x0000000100000000)
  eden space 309760K, 0% used [0x00000000d5c00000,0x00000000d5c00000,0x00000000e8a80000)
  from space 38912K, 11% used [0x00000000e8a80000,0x00000000e8ec8000,0x00000000eb080000)
  to   space 38400K, 0% used [0x00000000f2a80000,0x00000000f2a80000,0x00000000f5000000)
 ParOldGen       total 112128K, used 75853K [0x0000000081400000, 0x0000000088180000, 0x00000000d5c00000)
  object space 112128K, 67% used [0x0000000081400000,0x0000000085e13558,0x0000000088180000)
 Metaspace       used 56686K, capacity 56866K, committed 57176K, reserved 1101824K
  class space    used 4217K, capacity 4253K, committed 4352K, reserved 1048576K
Event: 14.943 GC heap after
Heap after GC invocations=14 (full 3):
 PSYoungGen      total 348672K, used 0K [0x00000000d5c00000, 0x00000000f5000000, 0x0000000100000000)
  eden space 309760K, 0% used [0x00000000d5c00000,0x00000000d5c00000,0x00000000e8a80000)
  from space 38912K, 0% used [0x00000000e8a80000,0x00000000e8a80000,0x00000000eb080000)
  to   space 38400K, 0% used [0x00000000f2a80000,0x00000000f2a80000,0x00000000f5000000)
 ParOldGen       total 165888K, used 77081K [0x0000000081400000, 0x000000008b600000, 0x00000000d5c00000)
  object space 165888K, 46% used [0x0000000081400000,0x0000000085f467f0,0x000000008b600000)
 Metaspace       used 56686K, capacity 56866K, committed 57176K, reserved 1101824K
  class space    used 4217K, capacity 4253K, committed 4352K, reserved 1048576K
}
Event: 15.954 GC heap before
{Heap before GC invocations=15 (full 3):
 PSYoungGen      total 348672K, used 309760K [0x00000000d5c00000, 0x00000000f5000000, 0x0000000100000000)
  eden space 309760K, 100% used [0x00000000d5c00000,0x00000000e8a80000,0x00000000e8a80000)
  from space 38912K, 0% used [0x00000000e8a80000,0x00000000e8a80000,0x00000000eb080000)
  to   space 38400K, 0% used [0x00000000f2a80000,0x00000000f2a80000,0x00000000f5000000)
 ParOldGen       total 165888K, used 77081K [0x0000000081400000, 0x000000008b600000, 0x00000000d5c00000)
  object space 165888K, 46% used [0x0000000081400000,0x0000000085f467f0,0x000000008b600000)
 Metaspace       used 62796K, capacity 63010K, committed 63488K, reserved 1107968K
  class space    used 4460K, capacity 4509K, committed 4608K, reserved 1048576K
Event: 16.026 GC heap after
Heap after GC invocations=15 (full 3):
 PSYoungGen      total 433664K, used 24818K [0x00000000d5c00000, 0x00000000f4300000, 0x0000000100000000)
  eden space 408576K, 0% used [0x00000000d5c00000,0x00000000d5c00000,0x00000000eeb00000)
  from space 25088K, 98% used [0x00000000f2a80000,0x00000000f42bc838,0x00000000f4300000)
  to   space 39936K, 0% used [0x00000000ef500000,0x00000000ef500000,0x00000000f1c00000)
 ParOldGen       total 165888K, used 77081K [0x0000000081400000, 0x000000008b600000, 0x00000000d5c00000)
  object space 165888K, 46% used [0x0000000081400000,0x0000000085f467f0,0x000000008b600000)
 Metaspace       used 62796K, capacity 63010K, committed 63488K, reserved 1107968K
  class space    used 4460K, capacity 4509K, committed 4608K, reserved 1048576K
}
Event: 16.549 GC heap before
{Heap before GC invocations=16 (full 3):
 PSYoungGen      total 433664K, used 433394K [0x00000000d5c00000, 0x00000000f4300000, 0x0000000100000000)
  eden space 408576K, 100% used [0x00000000d5c00000,0x00000000eeb00000,0x00000000eeb00000)
  from space 25088K, 98% used [0x00000000f2a80000,0x00000000f42bc838,0x00000000f4300000)
  to   space 39936K, 0% used [0x00000000ef500000,0x00000000ef500000,0x00000000f1c00000)
 ParOldGen       total 165888K, used 77081K [0x0000000081400000, 0x000000008b600000, 0x00000000d5c00000)
  object space 165888K, 46% used [0x0000000081400000,0x0000000085f467f0,0x000000008b600000)
 Metaspace       used 62806K, capacity 63010K, committed 63488K, reserved 1107968K
  class space    used 4460K, capacity 4509K, committed 4608K, reserved 1048576K
Event: 16.636 GC heap after
Heap after GC invocations=16 (full 3):
 PSYoungGen      total 458752K, used 26030K [0x00000000d5c00000, 0x00000000fd100000, 0x0000000100000000)
  eden space 418816K, 0% used [0x00000000d5c00000,0x00000000d5c00000,0x00000000ef500000)
  from space 39936K, 65% used [0x00000000ef500000,0x00000000f0e6bbb8,0x00000000f1c00000)
  to   space 41472K, 0% used [0x00000000fa880000,0x00000000fa880000,0x00000000fd100000)
 ParOldGen       total 165888K, used 101627K [0x0000000081400000, 0x000000008b600000, 0x00000000d5c00000)
  object space 165888K, 61% used [0x0000000081400000,0x000000008773eeb8,0x000000008b600000)
 Metaspace       used 62806K, capacity 63010K, committed 63488K, reserved 1107968K
  class space    used 4460K, capacity 4509K, committed 4608K, reserved 1048576K
}

