# JRE version: Java(TM) SE Runtime Environment (8.0_65-b17) (build 1.8.0_65-b17)
# Java VM: Java HotSpot(TM) 64-Bit Server VM (25.65-b01 mixed mode windows-amd64 compressed oops)
Heap:
 PSYoungGen      total 561664K, used 130718K [0x00000000d5c00000, 0x00000000fc580000, 0x0000000100000000)
  eden space 521728K, 19% used [0x00000000d5c00000,0x00000000dc1d2118,0x00000000f5980000)
  from space 39936K, 66% used [0x00000000f8200000,0x00000000f9bd5a70,0x00000000fa900000)
  to   space 41472K, 0% used [0x00000000f5980000,0x00000000f5980000,0x00000000f8200000)
 ParOldGen       total 159744K, used 122909K [0x0000000081400000, 0x000000008b000000, 0x00000000d5c00000)
  object space 159744K, 76% used [0x0000000081400000,0x0000000088c077b8,0x000000008b000000)
 Metaspace       used 65720K, capacity 65934K, committed 66304K, reserved 1110016K
  class space    used 4769K, capacity 4799K, committed 4864K, reserved 1048576K
GC Heap History (10 events):
Event: 12.442 GC heap before
{Heap before GC invocations=13 (full 2):
 PSYoungGen      total 319488K, used 57836K [0x00000000d5c00000, 0x00000000ebc80000, 0x0000000100000000)
  eden space 287232K, 9% used [0x00000000d5c00000,0x00000000d77cb030,0x00000000e7480000)
  from space 32256K, 91% used [0x00000000e9d00000,0x00000000eb9b0010,0x00000000ebc80000)
  to   space 36864K, 0% used [0x00000000e7480000,0x00000000e7480000,0x00000000e9880000)
 ParOldGen       total 115200K, used 49334K [0x0000000081400000, 0x0000000088480000, 0x00000000d5c00000)
  object space 115200K, 42% used [0x0000000081400000,0x000000008442d838,0x0000000088480000)
 Metaspace       used 53348K, capacity 53506K, committed 53760K, reserved 1099776K
  class space    used 4120K, capacity 4157K, committed 4224K, reserved 1048576K
Event: 12.465 GC heap after
Heap after GC invocations=13 (full 2):
 PSYoungGen      total 324096K, used 4007K [0x00000000d5c00000, 0x00000000f3580000, 0x0000000100000000)
  eden space 287232K, 0% used [0x00000000d5c00000,0x00000000d5c00000,0x00000000e7480000)
  from space 36864K, 10% used [0x00000000e7480000,0x00000000e7869cf0,0x00000000e9880000)
  to   space 36864K, 0% used [0x00000000f1180000,0x00000000f1180000,0x00000000f3580000)
 ParOldGen       total 115200K, used 78700K [0x0000000081400000, 0x0000000088480000, 0x00000000d5c00000)
  object space 115200K, 68% used [0x0000000081400000,0x00000000860db100,0x0000000088480000)
 Metaspace       used 53348K, capacity 53506K, committed 53760K, reserved 1099776K
  class space    used 4120K, capacity 4157K, committed 4224K, reserved 1048576K
}
Event: 12.465 GC heap before
{Heap before GC invocations=14 (full 3):
 PSYoungGen      total 324096K, used 4007K [0x00000000d5c00000, 0x00000000f3580000, 0x0000000100000000)
  eden space 287232K, 0% used [0x00000000d5c00000,0x00000000d5c00000,0x00000000e7480000)
  from space 36864K, 10% used [0x00000000e7480000,0x00000000e7869cf0,0x00000000e9880000)
  to   space 36864K, 0% used [0x00000000f1180000,0x00000000f1180000,0x00000000f3580000)
 ParOldGen       total 115200K, used 78700K [0x0000000081400000, 0x0000000088480000, 0x00000000d5c00000)
  object space 115200K, 68% used [0x0000000081400000,0x00000000860db100,0x0000000088480000)
 Metaspace       used 53348K, capacity 53506K, committed 53760K, reserved 1099776K
  class space    used 4120K, capacity 4157K, committed 4224K, reserved 1048576K
Event: 12.640 GC heap after
Heap after GC invocations=14 (full 3):
 PSYoungGen      total 324096K, used 0K [0x00000000d5c00000, 0x00000000f3580000, 0x0000000100000000)
  eden space 287232K, 0% used [0x00000000d5c00000,0x00000000d5c00000,0x00000000e7480000)
  from space 36864K, 0% used [0x00000000e7480000,0x00000000e7480000,0x00000000e9880000)
  to   space 36864K, 0% used [0x00000000f1180000,0x00000000f1180000,0x00000000f3580000)
 ParOldGen       total 159744K, used 72104K [0x0000000081400000, 0x000000008b000000, 0x00000000d5c00000)
  object space 159744K, 45% used [0x0000000081400000,0x0000000085a6a0b0,0x000000008b000000)
 Metaspace       used 53348K, capacity 53506K, committed 53760K, reserved 1099776K
  class space    used 4120K, capacity 4157K, committed 4224K, reserved 1048576K
}
Event: 13.558 GC heap before
{Heap before GC invocations=15 (full 3):
 PSYoungGen      total 324096K, used 287232K [0x00000000d5c00000, 0x00000000f3580000, 0x0000000100000000)
  eden space 287232K, 100% used [0x00000000d5c00000,0x00000000e7480000,0x00000000e7480000)
  from space 36864K, 0% used [0x00000000e7480000,0x00000000e7480000,0x00000000e9880000)
  to   space 36864K, 0% used [0x00000000f1180000,0x00000000f1180000,0x00000000f3580000)
 ParOldGen       total 159744K, used 72104K [0x0000000081400000, 0x000000008b000000, 0x00000000d5c00000)
  object space 159744K, 45% used [0x0000000081400000,0x0000000085a6a0b0,0x000000008b000000)
 Metaspace       used 62869K, capacity 63074K, committed 63488K, reserved 1107968K
  class space    used 4467K, capacity 4509K, committed 4608K, reserved 1048576K
Event: 13.579 GC heap after
Heap after GC invocations=15 (full 3):
 PSYoungGen      total 406016K, used 26294K [0x00000000d5c00000, 0x00000000f2b80000, 0x0000000100000000)
  eden space 379392K, 0% used [0x00000000d5c00000,0x00000000d5c00000,0x00000000ece80000)
  from space 26624K, 98% used [0x00000000f1180000,0x00000000f2b2daa0,0x00000000f2b80000)
  to   space 38912K, 0% used [0x00000000edf80000,0x00000000edf80000,0x00000000f0580000)
 ParOldGen       total 159744K, used 72104K [0x0000000081400000, 0x000000008b000000, 0x00000000d5c00000)
  object space 159744K, 45% used [0x0000000081400000,0x0000000085a6a0b0,0x000000008b000000)
 Metaspace       used 62869K, capacity 63074K, committed 63488K, reserved 1107968K
  class space    used 4467K, capacity 4509K, committed 4608K, reserved 1048576K
}
Event: 13.903 GC heap before
{Heap before GC invocations=16 (full 3):
 PSYoungGen      total 406016K, used 405686K [0x00000000d5c00000, 0x00000000f2b80000, 0x0000000100000000)
  eden space 379392K, 100% used [0x00000000d5c00000,0x00000000ece80000,0x00000000ece80000)
  from space 26624K, 98% used [0x00000000f1180000,0x00000000f2b2daa0,0x00000000f2b80000)
  to   space 38912K, 0% used [0x00000000edf80000,0x00000000edf80000,0x00000000f0580000)
 ParOldGen       total 159744K, used 72104K [0x0000000081400000, 0x000000008b000000, 0x00000000d5c00000)
  object space 159744K, 45% used [0x0000000081400000,0x0000000085a6a0b0,0x000000008b000000)
 Metaspace       used 62891K, capacity 63138K, committed 63488K, reserved 1107968K
  class space    used 4467K, capacity 4509K, committed 4608K, reserved 1048576K
Event: 13.954 GC heap after
Heap after GC invocations=16 (full 3):
 PSYoungGen      total 435712K, used 24754K [0x00000000d5c00000, 0x00000000fa900000, 0x0000000100000000)
  eden space 396800K, 0% used [0x00000000d5c00000,0x00000000d5c00000,0x00000000edf80000)
  from space 38912K, 63% used [0x00000000edf80000,0x00000000ef7acaa8,0x00000000f0580000)
  to   space 39936K, 0% used [0x00000000f8200000,0x00000000f8200000,0x00000000fa900000)
 ParOldGen       total 159744K, used 98156K [0x0000000081400000, 0x000000008b000000, 0x00000000d5c00000)
  object space 159744K, 61% used [0x0000000081400000,0x00000000873db038,0x000000008b000000)
 Metaspace       used 62891K, capacity 63138K, committed 63488K, reserved 1107968K
  class space    used 4467K, capacity 4509K, committed 4608K, reserved 1048576K
}
Event: 14.267 GC heap before
{Heap before GC invocations=17 (full 3):
 PSYoungGen      total 435712K, used 421554K [0x00000000d5c00000, 0x00000000fa900000, 0x0000000100000000)
  eden space 396800K, 100% used [0x00000000d5c00000,0x00000000edf80000,0x00000000edf80000)
  from space 38912K, 63% used [0x00000000edf80000,0x00000000ef7acaa8,0x00000000f0580000)
  to   space 39936K, 0% used [0x00000000f8200000,0x00000000f8200000,0x00000000fa900000)
 ParOldGen       total 159744K, used 98156K [0x0000000081400000, 0x000000008b000000, 0x00000000d5c00000)
  object space 159744K, 61% used [0x0000000081400000,0x00000000873db038,0x000000008b000000)
 Metaspace       used 62894K, capacity 63138K, committed 63488K, reserved 1107968K
  class space    used 4467K, capacity 4509K, committed 4608K, reserved 1048576K
Event: 14.294 GC heap after
Heap after GC invocations=17 (full 3):
 PSYoungGen      total 561664K, used 26454K [0x00000000d5c00000, 0x00000000fc580000, 0x0000000100000000)
  eden space 521728K, 0% used [0x00000000d5c00000,0x00000000d5c00000,0x00000000f5980000)
  from space 39936K, 66% used [0x00000000f8200000,0x00000000f9bd5a70,0x00000000fa900000)
  to   space 41472K, 0% used [0x00000000f5980000,0x00000000f5980000,0x00000000f8200000)
 ParOldGen       total 159744K, used 122909K [0x0000000081400000, 0x000000008b000000, 0x00000000d5c00000)
  object space 159744K, 76% used [0x0000000081400000,0x0000000088c077b8,0x000000008b000000)
 Metaspace       used 62894K, capacity 63138K, committed 63488K, reserved 1107968K
  class space    used 4467K, capacity 4509K, committed 4608K, reserved 1048576K
}

